<?xml version="1.0" encoding="UTF-8"?>
<testng-results ignored="0" total="1" passed="1" failed="0" skipped="0">
  <reporter-output>
  </reporter-output>
  <suite started-at="2025-06-14T12:27:30 IST" name="Default suite" finished-at="2025-06-14T12:27:30 IST" duration-ms="443">
    <groups>
      <group name="cucumber">
        <method signature="AbstractTestNGCucumberTests.runScenario(io.cucumber.testng.PickleWrapper,io.cucumber.testng.FeatureWrapper)[pri:0, instance:testNGRunner.runnerFile@37ceb1df]" name="runScenario" class="io.cucumber.testng.AbstractTestNGCucumberTests"/>
      </group> <!-- cucumber -->
    </groups>
    <test started-at="2025-06-14T12:27:30 IST" name="Default test" finished-at="2025-06-14T12:27:30 IST" duration-ms="443">
      <class name="testNGRunner.runnerFile">
        <test-method is-config="true" signature="setUpClass(org.testng.ITestContext)[pri:0, instance:testNGRunner.runnerFile@37ceb1df]" started-at="2025-06-14T12:27:30 IST" name="setUpClass" finished-at="2025-06-14T12:27:30 IST" duration-ms="269" status="PASS">
          <params>
            <param index="0">
              <value>
                <![CDATA[org.testng.TestRunner@67c2e933]]>
              </value>
            </param>
          </params>
          <reporter-output>
          </reporter-output>
        </test-method> <!-- setUpClass -->
        <test-method signature="runScenario(io.cucumber.testng.PickleWrapper,io.cucumber.testng.FeatureWrapper)[pri:0, instance:testNGRunner.runnerFile@37ceb1df]" started-at="2025-06-14T12:27:30 IST" name="runScenario" description="Runs Cucumber Scenarios" data-provider="scenarios" finished-at="2025-06-14T12:27:30 IST" duration-ms="107" status="PASS">
          <params>
            <param index="0">
              <value>
                <![CDATA["Data Driven concept"]]>
              </value>
            </param>
            <param index="1">
              <value>
                <![CDATA["My Feature File"]]>
              </value>
            </param>
          </params>
          <reporter-output>
          </reporter-output>
        </test-method> <!-- runScenario -->
        <test-method is-config="true" signature="tearDownClass()[pri:0, instance:testNGRunner.runnerFile@37ceb1df]" started-at="2025-06-14T12:27:30 IST" name="tearDownClass" finished-at="2025-06-14T12:27:30 IST" duration-ms="5" status="PASS">
          <reporter-output>
          </reporter-output>
        </test-method> <!-- tearDownClass -->
      </class> <!-- testNGRunner.runnerFile -->
    </test> <!-- Default test -->
  </suite> <!-- Default suite -->
</testng-results>
